<?xml version="1.0" encoding="UTF-8"?>
<!-- Generated by org.testng.reporters.JUnitXMLReporter -->
<testsuite ignored="0" hostname="DESKTOP-OK7CA2M" failures="0" tests="6" name="Default test" time="12.716" errors="0" timestamp="2021-10-31T21:26:03 CET">
  <testcase classname="com.Varden.testcases.MylistTest" name="myList" time="5.448"/>
  <testcase classname="com.Varden.testcases.MylistTest" name="createNewList" time="4.407"/>
  <testcase classname="com.Varden.testcases.MylistTest" name="changeNameOfList" time="0.084"/>
  <testcase classname="com.Varden.testcases.MylistTest" name="changeColorOfUnit" time="0.562"/>
  <testcase classname="com.Varden.testcases.MylistTest" name="removeList" time="2.111"/>
  <testcase classname="com.Varden.testcases.MylistTest" name="name" time="0.031"/>
</testsuite> <!-- Default test -->
