<?xml version="1.0" encoding="UTF-8"?>
<!-- Generated by org.testng.reporters.JUnitXMLReporter -->
<testsuite ignored="0" hostname="DESKTOP-OK7CA2M" failures="0" tests="6" name="Default test" time="13.097" errors="0" timestamp="2021-11-01T02:37:48 CET">
  <testcase classname="com.Varden.testcases.MylistTest" name="myList" time="5.754"/>
  <testcase classname="com.Varden.testcases.MylistTest" name="createNewList" time="4.463"/>
  <testcase classname="com.Varden.testcases.MylistTest" name="changeNameOfList" time="0.088"/>
  <testcase classname="com.Varden.testcases.MylistTest" name="changeColorOfUnit" time="0.542"/>
  <testcase classname="com.Varden.testcases.MylistTest" name="removeList" time="1.971"/>
  <testcase classname="com.Varden.testcases.MylistTest" name="noDispalyForInvalidSearch" time="0.171"/>
</testsuite> <!-- Default test -->
