<?xml version="1.0" encoding="UTF-8"?>
<testng-results ignored="0" total="6" passed="6" failed="0" skipped="0">
  <reporter-output>
  </reporter-output>
  <suite started-at="2021-10-31T21:25:50 CET" name="Default suite" finished-at="2021-10-31T21:26:03 CET" duration-ms="12716">
    <groups>
    </groups>
    <test started-at="2021-10-31T21:25:50 CET" name="Default test" finished-at="2021-10-31T21:26:03 CET" duration-ms="12716">
      <class name="com.Varden.testcases.MylistTest">
        <test-method is-config="true" signature="setUp()[pri:0, instance:com.Varden.testcases.MylistTest@5a7fe64f]" started-at="2021-10-31T21:25:42 CET" name="setUp" finished-at="2021-10-31T21:25:50 CET" duration-ms="7762" status="PASS">
          <reporter-output>
          </reporter-output>
        </test-method> <!-- setUp -->
        <test-method signature="myList()[pri:0, instance:com.Varden.testcases.MylistTest@5a7fe64f]" started-at="2021-10-31T21:25:50 CET" name="myList" finished-at="2021-10-31T21:25:56 CET" duration-ms="5448" status="PASS">
          <reporter-output>
          </reporter-output>
        </test-method> <!-- myList -->
        <test-method signature="createNewList()[pri:1, instance:com.Varden.testcases.MylistTest@5a7fe64f]" started-at="2021-10-31T21:25:56 CET" name="createNewList" finished-at="2021-10-31T21:26:00 CET" duration-ms="4407" status="PASS">
          <reporter-output>
          </reporter-output>
        </test-method> <!-- createNewList -->
        <test-method signature="changeNameOfList()[pri:2, instance:com.Varden.testcases.MylistTest@5a7fe64f]" started-at="2021-10-31T21:26:00 CET" name="changeNameOfList" finished-at="2021-10-31T21:26:00 CET" duration-ms="84" status="PASS">
          <reporter-output>
          </reporter-output>
        </test-method> <!-- changeNameOfList -->
        <test-method signature="changeColorOfUnit()[pri:3, instance:com.Varden.testcases.MylistTest@5a7fe64f]" started-at="2021-10-31T21:26:00 CET" name="changeColorOfUnit" finished-at="2021-10-31T21:26:01 CET" duration-ms="562" status="PASS">
          <reporter-output>
          </reporter-output>
        </test-method> <!-- changeColorOfUnit -->
        <test-method signature="removeList()[pri:4, instance:com.Varden.testcases.MylistTest@5a7fe64f]" started-at="2021-10-31T21:26:01 CET" name="removeList" finished-at="2021-10-31T21:26:03 CET" duration-ms="2111" status="PASS">
          <reporter-output>
          </reporter-output>
        </test-method> <!-- removeList -->
        <test-method signature="name()[pri:5, instance:com.Varden.testcases.MylistTest@5a7fe64f]" started-at="2021-10-31T21:26:03 CET" name="name" finished-at="2021-10-31T21:26:03 CET" duration-ms="31" status="PASS">
          <reporter-output>
          </reporter-output>
        </test-method> <!-- name -->
        <test-method is-config="true" signature="tearDown()[pri:0, instance:com.Varden.testcases.MylistTest@5a7fe64f]" started-at="2021-10-31T21:26:03 CET" name="tearDown" finished-at="2021-10-31T21:26:04 CET" duration-ms="1063" status="PASS">
          <reporter-output>
          </reporter-output>
        </test-method> <!-- tearDown -->
      </class> <!-- com.Varden.testcases.MylistTest -->
    </test> <!-- Default test -->
  </suite> <!-- Default suite -->
</testng-results>
